<?xml version="1.0" encoding="UTF-8"?>
<!-- Generated by org.testng.reporters.JUnitReportReporter -->
<testsuite hostname="M10-Tacharya" name="aamc.ui.pageobjects.yuiuiuiujh" tests="1" failures="0" timestamp="16 Mar 2020 05:42:05 GMT" time="8.278" errors="0">
  <testcase name="tests" time="8.278" classname="aamc.ui.pageobjects.yuiuiuiujh"/>
</testsuite> <!-- aamc.ui.pageobjects.yuiuiuiujh -->
