<?xml version="1.0" encoding="UTF-8"?>
<!-- Generated by org.testng.reporters.JUnitReportReporter -->
<testsuite hostname="M10-Tacharya" name="aamc.ui.pageobjects.loginPage" tests="1" failures="0" timestamp="15 Mar 2020 20:38:31 GMT" time="2.738" errors="0">
  <testcase name="test" time="2.738" classname="aamc.ui.pageobjects.loginPage"/>
</testsuite> <!-- aamc.ui.pageobjects.loginPage -->
