<?xml version="1.0" encoding="UTF-8"?>
<!-- Generated by org.testng.reporters.JUnitReportReporter -->
<testsuite hostname="M10-Tacharya" name="aamc.ui.runner.TestRunner" tests="2" failures="0" timestamp="31 Mar 2020 07:25:27 GMT" time="35.626" errors="0">
  <testcase name="login" time="24.374" classname="aamc.ui.runner.TestRunner"/>
  <testcase name="login" time="11.252" classname="aamc.ui.runner.TestRunner"/>
</testsuite> <!-- aamc.ui.runner.TestRunner -->
